2018-02-13 14:52:09 - PHP Notice:  Undefined variable: text_information in D:\PROGRAMS\OpenServer\OSPanel\domains\opencart.loc\catalog\view\theme\apple\template\common\header.tpl on line 83
2018-02-13 14:52:09 - PHP Notice:  Undefined variable: informations in D:\PROGRAMS\OpenServer\OSPanel\domains\opencart.loc\catalog\view\theme\apple\template\common\header.tpl on line 88
2018-02-13 14:52:35 - PHP Notice:  Undefined variable: text_information in D:\PROGRAMS\OpenServer\OSPanel\domains\opencart.loc\catalog\view\theme\apple\template\common\header.tpl on line 83
2018-02-13 14:52:35 - PHP Notice:  Undefined variable: informations in D:\PROGRAMS\OpenServer\OSPanel\domains\opencart.loc\catalog\view\theme\apple\template\common\header.tpl on line 88
2018-02-13 14:52:38 - PHP Notice:  Undefined variable: text_information in D:\PROGRAMS\OpenServer\OSPanel\domains\opencart.loc\catalog\view\theme\apple\template\common\header.tpl on line 83
2018-02-13 14:52:38 - PHP Notice:  Undefined variable: informations in D:\PROGRAMS\OpenServer\OSPanel\domains\opencart.loc\catalog\view\theme\apple\template\common\header.tpl on line 88
2018-02-15 11:30:22 - PHP Notice:  Undefined index: UAH in D:\PROGRAMS\OpenServer\OSPanel\domains\opencart.loc\system\library\cart\currency.php on line 25
2018-02-15 11:30:22 - PHP Notice:  Undefined index: UAH in D:\PROGRAMS\OpenServer\OSPanel\domains\opencart.loc\system\library\cart\currency.php on line 26
2018-02-15 11:30:22 - PHP Notice:  Undefined index: UAH in D:\PROGRAMS\OpenServer\OSPanel\domains\opencart.loc\system\library\cart\currency.php on line 27
2018-02-15 11:30:22 - PHP Notice:  Undefined index: UAH in D:\PROGRAMS\OpenServer\OSPanel\domains\opencart.loc\system\library\cart\currency.php on line 30
2018-02-15 11:30:22 - PHP Notice:  Undefined index: UAH in D:\PROGRAMS\OpenServer\OSPanel\domains\opencart.loc\system\library\cart\currency.php on line 25
2018-02-15 11:30:22 - PHP Notice:  Undefined index: UAH in D:\PROGRAMS\OpenServer\OSPanel\domains\opencart.loc\system\library\cart\currency.php on line 26
2018-02-15 11:30:22 - PHP Notice:  Undefined index: UAH in D:\PROGRAMS\OpenServer\OSPanel\domains\opencart.loc\system\library\cart\currency.php on line 27
2018-02-15 11:30:22 - PHP Notice:  Undefined index: UAH in D:\PROGRAMS\OpenServer\OSPanel\domains\opencart.loc\system\library\cart\currency.php on line 30
2018-02-15 11:30:22 - PHP Notice:  Undefined index: UAH in D:\PROGRAMS\OpenServer\OSPanel\domains\opencart.loc\system\library\cart\currency.php on line 25
2018-02-15 11:30:22 - PHP Notice:  Undefined index: UAH in D:\PROGRAMS\OpenServer\OSPanel\domains\opencart.loc\system\library\cart\currency.php on line 26
2018-02-15 11:30:22 - PHP Notice:  Undefined index: UAH in D:\PROGRAMS\OpenServer\OSPanel\domains\opencart.loc\system\library\cart\currency.php on line 27
2018-02-15 11:30:22 - PHP Notice:  Undefined index: UAH in D:\PROGRAMS\OpenServer\OSPanel\domains\opencart.loc\system\library\cart\currency.php on line 30
2018-02-15 11:30:22 - PHP Notice:  Undefined index: UAH in D:\PROGRAMS\OpenServer\OSPanel\domains\opencart.loc\system\library\cart\currency.php on line 25
2018-02-15 11:30:22 - PHP Notice:  Undefined index: UAH in D:\PROGRAMS\OpenServer\OSPanel\domains\opencart.loc\system\library\cart\currency.php on line 26
2018-02-15 11:30:22 - PHP Notice:  Undefined index: UAH in D:\PROGRAMS\OpenServer\OSPanel\domains\opencart.loc\system\library\cart\currency.php on line 27
2018-02-15 11:30:22 - PHP Notice:  Undefined index: UAH in D:\PROGRAMS\OpenServer\OSPanel\domains\opencart.loc\system\library\cart\currency.php on line 30
2018-02-15 11:30:22 - PHP Notice:  Undefined index: UAH in D:\PROGRAMS\OpenServer\OSPanel\domains\opencart.loc\system\library\cart\currency.php on line 25
2018-02-15 11:30:22 - PHP Notice:  Undefined index: UAH in D:\PROGRAMS\OpenServer\OSPanel\domains\opencart.loc\system\library\cart\currency.php on line 26
2018-02-15 11:30:22 - PHP Notice:  Undefined index: UAH in D:\PROGRAMS\OpenServer\OSPanel\domains\opencart.loc\system\library\cart\currency.php on line 27
2018-02-15 11:30:22 - PHP Notice:  Undefined index: UAH in D:\PROGRAMS\OpenServer\OSPanel\domains\opencart.loc\system\library\cart\currency.php on line 30
2018-02-15 11:30:22 - PHP Notice:  Undefined index: UAH in D:\PROGRAMS\OpenServer\OSPanel\domains\opencart.loc\system\library\cart\currency.php on line 25
2018-02-15 11:30:22 - PHP Notice:  Undefined index: UAH in D:\PROGRAMS\OpenServer\OSPanel\domains\opencart.loc\system\library\cart\currency.php on line 26
2018-02-15 11:30:22 - PHP Notice:  Undefined index: UAH in D:\PROGRAMS\OpenServer\OSPanel\domains\opencart.loc\system\library\cart\currency.php on line 27
2018-02-15 11:30:22 - PHP Notice:  Undefined index: UAH in D:\PROGRAMS\OpenServer\OSPanel\domains\opencart.loc\system\library\cart\currency.php on line 30
2018-02-15 11:30:22 - PHP Notice:  Undefined index: UAH in D:\PROGRAMS\OpenServer\OSPanel\domains\opencart.loc\system\library\cart\currency.php on line 25
2018-02-15 11:30:22 - PHP Notice:  Undefined index: UAH in D:\PROGRAMS\OpenServer\OSPanel\domains\opencart.loc\system\library\cart\currency.php on line 26
2018-02-15 11:30:22 - PHP Notice:  Undefined index: UAH in D:\PROGRAMS\OpenServer\OSPanel\domains\opencart.loc\system\library\cart\currency.php on line 27
2018-02-15 11:30:22 - PHP Notice:  Undefined index: UAH in D:\PROGRAMS\OpenServer\OSPanel\domains\opencart.loc\system\library\cart\currency.php on line 30
2018-02-15 11:30:22 - PHP Notice:  Undefined index: UAH in D:\PROGRAMS\OpenServer\OSPanel\domains\opencart.loc\system\library\cart\currency.php on line 25
2018-02-15 11:30:22 - PHP Notice:  Undefined index: UAH in D:\PROGRAMS\OpenServer\OSPanel\domains\opencart.loc\system\library\cart\currency.php on line 26
2018-02-15 11:30:22 - PHP Notice:  Undefined index: UAH in D:\PROGRAMS\OpenServer\OSPanel\domains\opencart.loc\system\library\cart\currency.php on line 27
2018-02-15 11:30:22 - PHP Notice:  Undefined index: UAH in D:\PROGRAMS\OpenServer\OSPanel\domains\opencart.loc\system\library\cart\currency.php on line 30
2018-02-15 11:30:22 - PHP Notice:  Undefined index: UAH in D:\PROGRAMS\OpenServer\OSPanel\domains\opencart.loc\system\library\cart\currency.php on line 25
2018-02-15 11:30:22 - PHP Notice:  Undefined index: UAH in D:\PROGRAMS\OpenServer\OSPanel\domains\opencart.loc\system\library\cart\currency.php on line 26
2018-02-15 11:30:22 - PHP Notice:  Undefined index: UAH in D:\PROGRAMS\OpenServer\OSPanel\domains\opencart.loc\system\library\cart\currency.php on line 27
2018-02-15 11:30:22 - PHP Notice:  Undefined index: UAH in D:\PROGRAMS\OpenServer\OSPanel\domains\opencart.loc\system\library\cart\currency.php on line 30
2018-02-15 11:30:22 - PHP Notice:  Undefined index: UAH in D:\PROGRAMS\OpenServer\OSPanel\domains\opencart.loc\system\library\cart\currency.php on line 25
2018-02-15 11:30:22 - PHP Notice:  Undefined index: UAH in D:\PROGRAMS\OpenServer\OSPanel\domains\opencart.loc\system\library\cart\currency.php on line 26
2018-02-15 11:30:22 - PHP Notice:  Undefined index: UAH in D:\PROGRAMS\OpenServer\OSPanel\domains\opencart.loc\system\library\cart\currency.php on line 27
2018-02-15 11:30:22 - PHP Notice:  Undefined index: UAH in D:\PROGRAMS\OpenServer\OSPanel\domains\opencart.loc\system\library\cart\currency.php on line 30
2018-02-15 11:30:22 - PHP Notice:  Undefined index: UAH in D:\PROGRAMS\OpenServer\OSPanel\domains\opencart.loc\system\library\cart\currency.php on line 25
2018-02-15 11:30:22 - PHP Notice:  Undefined index: UAH in D:\PROGRAMS\OpenServer\OSPanel\domains\opencart.loc\system\library\cart\currency.php on line 26
2018-02-15 11:30:22 - PHP Notice:  Undefined index: UAH in D:\PROGRAMS\OpenServer\OSPanel\domains\opencart.loc\system\library\cart\currency.php on line 27
2018-02-15 11:30:22 - PHP Notice:  Undefined index: UAH in D:\PROGRAMS\OpenServer\OSPanel\domains\opencart.loc\system\library\cart\currency.php on line 30
2018-02-15 11:30:22 - PHP Notice:  Undefined index: UAH in D:\PROGRAMS\OpenServer\OSPanel\domains\opencart.loc\system\library\cart\currency.php on line 25
2018-02-15 11:30:22 - PHP Notice:  Undefined index: UAH in D:\PROGRAMS\OpenServer\OSPanel\domains\opencart.loc\system\library\cart\currency.php on line 26
2018-02-15 11:30:22 - PHP Notice:  Undefined index: UAH in D:\PROGRAMS\OpenServer\OSPanel\domains\opencart.loc\system\library\cart\currency.php on line 27
2018-02-15 11:30:22 - PHP Notice:  Undefined index: UAH in D:\PROGRAMS\OpenServer\OSPanel\domains\opencart.loc\system\library\cart\currency.php on line 30
2018-02-15 11:30:22 - PHP Notice:  Undefined index: UAH in D:\PROGRAMS\OpenServer\OSPanel\domains\opencart.loc\system\library\cart\currency.php on line 25
2018-02-15 11:30:22 - PHP Notice:  Undefined index: UAH in D:\PROGRAMS\OpenServer\OSPanel\domains\opencart.loc\system\library\cart\currency.php on line 26
2018-02-15 11:30:22 - PHP Notice:  Undefined index: UAH in D:\PROGRAMS\OpenServer\OSPanel\domains\opencart.loc\system\library\cart\currency.php on line 27
2018-02-15 11:30:22 - PHP Notice:  Undefined index: UAH in D:\PROGRAMS\OpenServer\OSPanel\domains\opencart.loc\system\library\cart\currency.php on line 30
2018-02-15 11:30:22 - PHP Notice:  Undefined index: UAH in D:\PROGRAMS\OpenServer\OSPanel\domains\opencart.loc\system\library\cart\currency.php on line 25
2018-02-15 11:30:22 - PHP Notice:  Undefined index: UAH in D:\PROGRAMS\OpenServer\OSPanel\domains\opencart.loc\system\library\cart\currency.php on line 26
2018-02-15 11:30:22 - PHP Notice:  Undefined index: UAH in D:\PROGRAMS\OpenServer\OSPanel\domains\opencart.loc\system\library\cart\currency.php on line 27
2018-02-15 11:30:22 - PHP Notice:  Undefined index: UAH in D:\PROGRAMS\OpenServer\OSPanel\domains\opencart.loc\system\library\cart\currency.php on line 30
2018-02-15 11:30:22 - PHP Notice:  Undefined index: UAH in D:\PROGRAMS\OpenServer\OSPanel\domains\opencart.loc\system\library\cart\currency.php on line 25
2018-02-15 11:30:22 - PHP Notice:  Undefined index: UAH in D:\PROGRAMS\OpenServer\OSPanel\domains\opencart.loc\system\library\cart\currency.php on line 26
2018-02-15 11:30:22 - PHP Notice:  Undefined index: UAH in D:\PROGRAMS\OpenServer\OSPanel\domains\opencart.loc\system\library\cart\currency.php on line 27
2018-02-15 11:30:22 - PHP Notice:  Undefined index: UAH in D:\PROGRAMS\OpenServer\OSPanel\domains\opencart.loc\system\library\cart\currency.php on line 30
2018-02-15 11:30:22 - PHP Notice:  Undefined index: UAH in D:\PROGRAMS\OpenServer\OSPanel\domains\opencart.loc\system\library\cart\currency.php on line 25
2018-02-15 11:30:22 - PHP Notice:  Undefined index: UAH in D:\PROGRAMS\OpenServer\OSPanel\domains\opencart.loc\system\library\cart\currency.php on line 26
2018-02-15 11:30:22 - PHP Notice:  Undefined index: UAH in D:\PROGRAMS\OpenServer\OSPanel\domains\opencart.loc\system\library\cart\currency.php on line 27
2018-02-15 11:30:22 - PHP Notice:  Undefined index: UAH in D:\PROGRAMS\OpenServer\OSPanel\domains\opencart.loc\system\library\cart\currency.php on line 30
2018-02-15 11:30:22 - PHP Notice:  Undefined index: UAH in D:\PROGRAMS\OpenServer\OSPanel\domains\opencart.loc\system\library\cart\currency.php on line 25
2018-02-15 11:30:22 - PHP Notice:  Undefined index: UAH in D:\PROGRAMS\OpenServer\OSPanel\domains\opencart.loc\system\library\cart\currency.php on line 26
2018-02-15 11:30:22 - PHP Notice:  Undefined index: UAH in D:\PROGRAMS\OpenServer\OSPanel\domains\opencart.loc\system\library\cart\currency.php on line 27
2018-02-15 11:30:22 - PHP Notice:  Undefined index: UAH in D:\PROGRAMS\OpenServer\OSPanel\domains\opencart.loc\system\library\cart\currency.php on line 30
2018-02-15 11:30:22 - PHP Notice:  Undefined index: UAH in D:\PROGRAMS\OpenServer\OSPanel\domains\opencart.loc\system\library\cart\currency.php on line 25
2018-02-15 11:30:22 - PHP Notice:  Undefined index: UAH in D:\PROGRAMS\OpenServer\OSPanel\domains\opencart.loc\system\library\cart\currency.php on line 26
2018-02-15 11:30:22 - PHP Notice:  Undefined index: UAH in D:\PROGRAMS\OpenServer\OSPanel\domains\opencart.loc\system\library\cart\currency.php on line 27
2018-02-15 11:30:22 - PHP Notice:  Undefined index: UAH in D:\PROGRAMS\OpenServer\OSPanel\domains\opencart.loc\system\library\cart\currency.php on line 30
2018-02-15 11:30:22 - PHP Notice:  Undefined index: UAH in D:\PROGRAMS\OpenServer\OSPanel\domains\opencart.loc\system\library\cart\currency.php on line 25
2018-02-15 11:30:22 - PHP Notice:  Undefined index: UAH in D:\PROGRAMS\OpenServer\OSPanel\domains\opencart.loc\system\library\cart\currency.php on line 26
2018-02-15 11:30:22 - PHP Notice:  Undefined index: UAH in D:\PROGRAMS\OpenServer\OSPanel\domains\opencart.loc\system\library\cart\currency.php on line 27
2018-02-15 11:30:22 - PHP Notice:  Undefined index: UAH in D:\PROGRAMS\OpenServer\OSPanel\domains\opencart.loc\system\library\cart\currency.php on line 30
2018-02-15 11:30:22 - PHP Notice:  Undefined index: UAH in D:\PROGRAMS\OpenServer\OSPanel\domains\opencart.loc\system\library\cart\currency.php on line 25
2018-02-15 11:30:22 - PHP Notice:  Undefined index: UAH in D:\PROGRAMS\OpenServer\OSPanel\domains\opencart.loc\system\library\cart\currency.php on line 26
2018-02-15 11:30:22 - PHP Notice:  Undefined index: UAH in D:\PROGRAMS\OpenServer\OSPanel\domains\opencart.loc\system\library\cart\currency.php on line 27
2018-02-15 11:30:22 - PHP Notice:  Undefined index: UAH in D:\PROGRAMS\OpenServer\OSPanel\domains\opencart.loc\system\library\cart\currency.php on line 30
2018-02-15 11:30:22 - PHP Notice:  Undefined index: UAH in D:\PROGRAMS\OpenServer\OSPanel\domains\opencart.loc\system\library\cart\currency.php on line 25
2018-02-15 11:30:22 - PHP Notice:  Undefined index: UAH in D:\PROGRAMS\OpenServer\OSPanel\domains\opencart.loc\system\library\cart\currency.php on line 26
2018-02-15 11:30:22 - PHP Notice:  Undefined index: UAH in D:\PROGRAMS\OpenServer\OSPanel\domains\opencart.loc\system\library\cart\currency.php on line 27
2018-02-15 11:30:22 - PHP Notice:  Undefined index: UAH in D:\PROGRAMS\OpenServer\OSPanel\domains\opencart.loc\system\library\cart\currency.php on line 30
2018-02-15 11:30:22 - PHP Notice:  Undefined index: UAH in D:\PROGRAMS\OpenServer\OSPanel\domains\opencart.loc\system\library\cart\currency.php on line 25
2018-02-15 11:30:22 - PHP Notice:  Undefined index: UAH in D:\PROGRAMS\OpenServer\OSPanel\domains\opencart.loc\system\library\cart\currency.php on line 26
2018-02-15 11:30:22 - PHP Notice:  Undefined index: UAH in D:\PROGRAMS\OpenServer\OSPanel\domains\opencart.loc\system\library\cart\currency.php on line 27
2018-02-15 11:30:22 - PHP Notice:  Undefined index: UAH in D:\PROGRAMS\OpenServer\OSPanel\domains\opencart.loc\system\library\cart\currency.php on line 30
2018-02-15 11:30:38 - PHP Notice:  Undefined index: UAH in D:\PROGRAMS\OpenServer\OSPanel\domains\opencart.loc\system\library\cart\currency.php on line 25
2018-02-15 11:30:38 - PHP Notice:  Undefined index: UAH in D:\PROGRAMS\OpenServer\OSPanel\domains\opencart.loc\system\library\cart\currency.php on line 26
2018-02-15 11:30:38 - PHP Notice:  Undefined index: UAH in D:\PROGRAMS\OpenServer\OSPanel\domains\opencart.loc\system\library\cart\currency.php on line 27
2018-02-15 11:30:38 - PHP Notice:  Undefined index: UAH in D:\PROGRAMS\OpenServer\OSPanel\domains\opencart.loc\system\library\cart\currency.php on line 30
2018-02-15 11:30:38 - PHP Notice:  Undefined index: UAH in D:\PROGRAMS\OpenServer\OSPanel\domains\opencart.loc\system\library\cart\currency.php on line 25
2018-02-15 11:30:38 - PHP Notice:  Undefined index: UAH in D:\PROGRAMS\OpenServer\OSPanel\domains\opencart.loc\system\library\cart\currency.php on line 26
2018-02-15 11:30:38 - PHP Notice:  Undefined index: UAH in D:\PROGRAMS\OpenServer\OSPanel\domains\opencart.loc\system\library\cart\currency.php on line 27
2018-02-15 11:30:38 - PHP Notice:  Undefined index: UAH in D:\PROGRAMS\OpenServer\OSPanel\domains\opencart.loc\system\library\cart\currency.php on line 30
2018-02-15 11:30:38 - PHP Notice:  Undefined index: UAH in D:\PROGRAMS\OpenServer\OSPanel\domains\opencart.loc\system\library\cart\currency.php on line 25
2018-02-15 11:30:38 - PHP Notice:  Undefined index: UAH in D:\PROGRAMS\OpenServer\OSPanel\domains\opencart.loc\system\library\cart\currency.php on line 26
2018-02-15 11:30:38 - PHP Notice:  Undefined index: UAH in D:\PROGRAMS\OpenServer\OSPanel\domains\opencart.loc\system\library\cart\currency.php on line 27
2018-02-15 11:30:38 - PHP Notice:  Undefined index: UAH in D:\PROGRAMS\OpenServer\OSPanel\domains\opencart.loc\system\library\cart\currency.php on line 30
2018-02-15 11:30:38 - PHP Notice:  Undefined index: UAH in D:\PROGRAMS\OpenServer\OSPanel\domains\opencart.loc\system\library\cart\currency.php on line 25
2018-02-15 11:30:38 - PHP Notice:  Undefined index: UAH in D:\PROGRAMS\OpenServer\OSPanel\domains\opencart.loc\system\library\cart\currency.php on line 26
2018-02-15 11:30:38 - PHP Notice:  Undefined index: UAH in D:\PROGRAMS\OpenServer\OSPanel\domains\opencart.loc\system\library\cart\currency.php on line 27
2018-02-15 11:30:38 - PHP Notice:  Undefined index: UAH in D:\PROGRAMS\OpenServer\OSPanel\domains\opencart.loc\system\library\cart\currency.php on line 30
2018-02-15 11:30:38 - PHP Notice:  Undefined index: UAH in D:\PROGRAMS\OpenServer\OSPanel\domains\opencart.loc\system\library\cart\currency.php on line 25
2018-02-15 11:30:38 - PHP Notice:  Undefined index: UAH in D:\PROGRAMS\OpenServer\OSPanel\domains\opencart.loc\system\library\cart\currency.php on line 26
2018-02-15 11:30:38 - PHP Notice:  Undefined index: UAH in D:\PROGRAMS\OpenServer\OSPanel\domains\opencart.loc\system\library\cart\currency.php on line 27
2018-02-15 11:30:38 - PHP Notice:  Undefined index: UAH in D:\PROGRAMS\OpenServer\OSPanel\domains\opencart.loc\system\library\cart\currency.php on line 30
2018-02-15 11:30:38 - PHP Notice:  Undefined index: UAH in D:\PROGRAMS\OpenServer\OSPanel\domains\opencart.loc\system\library\cart\currency.php on line 25
2018-02-15 11:30:38 - PHP Notice:  Undefined index: UAH in D:\PROGRAMS\OpenServer\OSPanel\domains\opencart.loc\system\library\cart\currency.php on line 26
2018-02-15 11:30:38 - PHP Notice:  Undefined index: UAH in D:\PROGRAMS\OpenServer\OSPanel\domains\opencart.loc\system\library\cart\currency.php on line 27
2018-02-15 11:30:38 - PHP Notice:  Undefined index: UAH in D:\PROGRAMS\OpenServer\OSPanel\domains\opencart.loc\system\library\cart\currency.php on line 30
2018-02-15 11:30:38 - PHP Notice:  Undefined index: UAH in D:\PROGRAMS\OpenServer\OSPanel\domains\opencart.loc\system\library\cart\currency.php on line 25
2018-02-15 11:30:38 - PHP Notice:  Undefined index: UAH in D:\PROGRAMS\OpenServer\OSPanel\domains\opencart.loc\system\library\cart\currency.php on line 26
2018-02-15 11:30:38 - PHP Notice:  Undefined index: UAH in D:\PROGRAMS\OpenServer\OSPanel\domains\opencart.loc\system\library\cart\currency.php on line 27
2018-02-15 11:30:38 - PHP Notice:  Undefined index: UAH in D:\PROGRAMS\OpenServer\OSPanel\domains\opencart.loc\system\library\cart\currency.php on line 30
2018-02-15 11:30:38 - PHP Notice:  Undefined index: UAH in D:\PROGRAMS\OpenServer\OSPanel\domains\opencart.loc\system\library\cart\currency.php on line 25
2018-02-15 11:30:38 - PHP Notice:  Undefined index: UAH in D:\PROGRAMS\OpenServer\OSPanel\domains\opencart.loc\system\library\cart\currency.php on line 26
2018-02-15 11:30:38 - PHP Notice:  Undefined index: UAH in D:\PROGRAMS\OpenServer\OSPanel\domains\opencart.loc\system\library\cart\currency.php on line 27
2018-02-15 11:30:38 - PHP Notice:  Undefined index: UAH in D:\PROGRAMS\OpenServer\OSPanel\domains\opencart.loc\system\library\cart\currency.php on line 30
2018-02-15 11:30:38 - PHP Notice:  Undefined index: UAH in D:\PROGRAMS\OpenServer\OSPanel\domains\opencart.loc\system\library\cart\currency.php on line 25
2018-02-15 11:30:38 - PHP Notice:  Undefined index: UAH in D:\PROGRAMS\OpenServer\OSPanel\domains\opencart.loc\system\library\cart\currency.php on line 26
2018-02-15 11:30:38 - PHP Notice:  Undefined index: UAH in D:\PROGRAMS\OpenServer\OSPanel\domains\opencart.loc\system\library\cart\currency.php on line 27
2018-02-15 11:30:38 - PHP Notice:  Undefined index: UAH in D:\PROGRAMS\OpenServer\OSPanel\domains\opencart.loc\system\library\cart\currency.php on line 30
2018-02-15 11:30:38 - PHP Notice:  Undefined index: UAH in D:\PROGRAMS\OpenServer\OSPanel\domains\opencart.loc\system\library\cart\currency.php on line 25
2018-02-15 11:30:38 - PHP Notice:  Undefined index: UAH in D:\PROGRAMS\OpenServer\OSPanel\domains\opencart.loc\system\library\cart\currency.php on line 26
2018-02-15 11:30:38 - PHP Notice:  Undefined index: UAH in D:\PROGRAMS\OpenServer\OSPanel\domains\opencart.loc\system\library\cart\currency.php on line 27
2018-02-15 11:30:38 - PHP Notice:  Undefined index: UAH in D:\PROGRAMS\OpenServer\OSPanel\domains\opencart.loc\system\library\cart\currency.php on line 30
2018-02-15 11:30:38 - PHP Notice:  Undefined index: UAH in D:\PROGRAMS\OpenServer\OSPanel\domains\opencart.loc\system\library\cart\currency.php on line 25
2018-02-15 11:30:38 - PHP Notice:  Undefined index: UAH in D:\PROGRAMS\OpenServer\OSPanel\domains\opencart.loc\system\library\cart\currency.php on line 26
2018-02-15 11:30:38 - PHP Notice:  Undefined index: UAH in D:\PROGRAMS\OpenServer\OSPanel\domains\opencart.loc\system\library\cart\currency.php on line 27
2018-02-15 11:30:38 - PHP Notice:  Undefined index: UAH in D:\PROGRAMS\OpenServer\OSPanel\domains\opencart.loc\system\library\cart\currency.php on line 30
2018-02-15 11:30:38 - PHP Notice:  Undefined index: UAH in D:\PROGRAMS\OpenServer\OSPanel\domains\opencart.loc\system\library\cart\currency.php on line 25
2018-02-15 11:30:38 - PHP Notice:  Undefined index: UAH in D:\PROGRAMS\OpenServer\OSPanel\domains\opencart.loc\system\library\cart\currency.php on line 26
2018-02-15 11:30:38 - PHP Notice:  Undefined index: UAH in D:\PROGRAMS\OpenServer\OSPanel\domains\opencart.loc\system\library\cart\currency.php on line 27
2018-02-15 11:30:38 - PHP Notice:  Undefined index: UAH in D:\PROGRAMS\OpenServer\OSPanel\domains\opencart.loc\system\library\cart\currency.php on line 30
2018-02-15 11:30:38 - PHP Notice:  Undefined index: UAH in D:\PROGRAMS\OpenServer\OSPanel\domains\opencart.loc\system\library\cart\currency.php on line 25
2018-02-15 11:30:38 - PHP Notice:  Undefined index: UAH in D:\PROGRAMS\OpenServer\OSPanel\domains\opencart.loc\system\library\cart\currency.php on line 26
2018-02-15 11:30:38 - PHP Notice:  Undefined index: UAH in D:\PROGRAMS\OpenServer\OSPanel\domains\opencart.loc\system\library\cart\currency.php on line 27
2018-02-15 11:30:38 - PHP Notice:  Undefined index: UAH in D:\PROGRAMS\OpenServer\OSPanel\domains\opencart.loc\system\library\cart\currency.php on line 30
2018-02-15 11:30:38 - PHP Notice:  Undefined index: UAH in D:\PROGRAMS\OpenServer\OSPanel\domains\opencart.loc\system\library\cart\currency.php on line 25
2018-02-15 11:30:38 - PHP Notice:  Undefined index: UAH in D:\PROGRAMS\OpenServer\OSPanel\domains\opencart.loc\system\library\cart\currency.php on line 26
2018-02-15 11:30:38 - PHP Notice:  Undefined index: UAH in D:\PROGRAMS\OpenServer\OSPanel\domains\opencart.loc\system\library\cart\currency.php on line 27
2018-02-15 11:30:38 - PHP Notice:  Undefined index: UAH in D:\PROGRAMS\OpenServer\OSPanel\domains\opencart.loc\system\library\cart\currency.php on line 30
2018-02-15 11:30:38 - PHP Notice:  Undefined index: UAH in D:\PROGRAMS\OpenServer\OSPanel\domains\opencart.loc\system\library\cart\currency.php on line 25
2018-02-15 11:30:38 - PHP Notice:  Undefined index: UAH in D:\PROGRAMS\OpenServer\OSPanel\domains\opencart.loc\system\library\cart\currency.php on line 26
2018-02-15 11:30:38 - PHP Notice:  Undefined index: UAH in D:\PROGRAMS\OpenServer\OSPanel\domains\opencart.loc\system\library\cart\currency.php on line 27
2018-02-15 11:30:38 - PHP Notice:  Undefined index: UAH in D:\PROGRAMS\OpenServer\OSPanel\domains\opencart.loc\system\library\cart\currency.php on line 30
2018-02-15 11:30:38 - PHP Notice:  Undefined index: UAH in D:\PROGRAMS\OpenServer\OSPanel\domains\opencart.loc\system\library\cart\currency.php on line 25
2018-02-15 11:30:38 - PHP Notice:  Undefined index: UAH in D:\PROGRAMS\OpenServer\OSPanel\domains\opencart.loc\system\library\cart\currency.php on line 26
2018-02-15 11:30:38 - PHP Notice:  Undefined index: UAH in D:\PROGRAMS\OpenServer\OSPanel\domains\opencart.loc\system\library\cart\currency.php on line 27
2018-02-15 11:30:38 - PHP Notice:  Undefined index: UAH in D:\PROGRAMS\OpenServer\OSPanel\domains\opencart.loc\system\library\cart\currency.php on line 30
2018-02-15 11:30:38 - PHP Notice:  Undefined index: UAH in D:\PROGRAMS\OpenServer\OSPanel\domains\opencart.loc\system\library\cart\currency.php on line 25
2018-02-15 11:30:38 - PHP Notice:  Undefined index: UAH in D:\PROGRAMS\OpenServer\OSPanel\domains\opencart.loc\system\library\cart\currency.php on line 26
2018-02-15 11:30:38 - PHP Notice:  Undefined index: UAH in D:\PROGRAMS\OpenServer\OSPanel\domains\opencart.loc\system\library\cart\currency.php on line 27
2018-02-15 11:30:38 - PHP Notice:  Undefined index: UAH in D:\PROGRAMS\OpenServer\OSPanel\domains\opencart.loc\system\library\cart\currency.php on line 30
2018-02-15 11:30:38 - PHP Notice:  Undefined index: UAH in D:\PROGRAMS\OpenServer\OSPanel\domains\opencart.loc\system\library\cart\currency.php on line 25
2018-02-15 11:30:38 - PHP Notice:  Undefined index: UAH in D:\PROGRAMS\OpenServer\OSPanel\domains\opencart.loc\system\library\cart\currency.php on line 26
2018-02-15 11:30:38 - PHP Notice:  Undefined index: UAH in D:\PROGRAMS\OpenServer\OSPanel\domains\opencart.loc\system\library\cart\currency.php on line 27
2018-02-15 11:30:38 - PHP Notice:  Undefined index: UAH in D:\PROGRAMS\OpenServer\OSPanel\domains\opencart.loc\system\library\cart\currency.php on line 30
2018-02-15 11:30:38 - PHP Notice:  Undefined index: UAH in D:\PROGRAMS\OpenServer\OSPanel\domains\opencart.loc\system\library\cart\currency.php on line 25
2018-02-15 11:30:38 - PHP Notice:  Undefined index: UAH in D:\PROGRAMS\OpenServer\OSPanel\domains\opencart.loc\system\library\cart\currency.php on line 26
2018-02-15 11:30:38 - PHP Notice:  Undefined index: UAH in D:\PROGRAMS\OpenServer\OSPanel\domains\opencart.loc\system\library\cart\currency.php on line 27
2018-02-15 11:30:38 - PHP Notice:  Undefined index: UAH in D:\PROGRAMS\OpenServer\OSPanel\domains\opencart.loc\system\library\cart\currency.php on line 30
2018-02-15 11:30:38 - PHP Notice:  Undefined index: UAH in D:\PROGRAMS\OpenServer\OSPanel\domains\opencart.loc\system\library\cart\currency.php on line 25
2018-02-15 11:30:38 - PHP Notice:  Undefined index: UAH in D:\PROGRAMS\OpenServer\OSPanel\domains\opencart.loc\system\library\cart\currency.php on line 26
2018-02-15 11:30:38 - PHP Notice:  Undefined index: UAH in D:\PROGRAMS\OpenServer\OSPanel\domains\opencart.loc\system\library\cart\currency.php on line 27
2018-02-15 11:30:38 - PHP Notice:  Undefined index: UAH in D:\PROGRAMS\OpenServer\OSPanel\domains\opencart.loc\system\library\cart\currency.php on line 30
2018-02-15 11:30:38 - PHP Notice:  Undefined index: UAH in D:\PROGRAMS\OpenServer\OSPanel\domains\opencart.loc\system\library\cart\currency.php on line 25
2018-02-15 11:30:38 - PHP Notice:  Undefined index: UAH in D:\PROGRAMS\OpenServer\OSPanel\domains\opencart.loc\system\library\cart\currency.php on line 26
2018-02-15 11:30:38 - PHP Notice:  Undefined index: UAH in D:\PROGRAMS\OpenServer\OSPanel\domains\opencart.loc\system\library\cart\currency.php on line 27
2018-02-15 11:30:38 - PHP Notice:  Undefined index: UAH in D:\PROGRAMS\OpenServer\OSPanel\domains\opencart.loc\system\library\cart\currency.php on line 30
2018-02-15 11:30:38 - PHP Notice:  Undefined index: UAH in D:\PROGRAMS\OpenServer\OSPanel\domains\opencart.loc\system\library\cart\currency.php on line 25
2018-02-15 11:30:38 - PHP Notice:  Undefined index: UAH in D:\PROGRAMS\OpenServer\OSPanel\domains\opencart.loc\system\library\cart\currency.php on line 26
2018-02-15 11:30:38 - PHP Notice:  Undefined index: UAH in D:\PROGRAMS\OpenServer\OSPanel\domains\opencart.loc\system\library\cart\currency.php on line 27
2018-02-15 11:30:38 - PHP Notice:  Undefined index: UAH in D:\PROGRAMS\OpenServer\OSPanel\domains\opencart.loc\system\library\cart\currency.php on line 30
2018-02-15 18:04:52 - PHP Notice:  Undefined index: text_warranty in D:\PROGRAMS\OpenServer\OSPanel\domains\opencart.loc\admin\controller\extension\module\vantage.php on line 177
2018-02-15 18:04:52 - PHP Notice:  Undefined index: icon_warranty in D:\PROGRAMS\OpenServer\OSPanel\domains\opencart.loc\admin\controller\extension\module\vantage.php on line 185
2018-02-15 18:04:52 - PHP Notice:  Undefined index: text_service in D:\PROGRAMS\OpenServer\OSPanel\domains\opencart.loc\admin\controller\extension\module\vantage.php on line 193
2018-02-15 18:04:52 - PHP Notice:  Undefined index: icon_service in D:\PROGRAMS\OpenServer\OSPanel\domains\opencart.loc\admin\controller\extension\module\vantage.php on line 201
2018-02-15 18:04:52 - PHP Notice:  Undefined index: text_price in D:\PROGRAMS\OpenServer\OSPanel\domains\opencart.loc\admin\controller\extension\module\vantage.php on line 209
2018-02-15 18:04:52 - PHP Notice:  Undefined index: icon_price in D:\PROGRAMS\OpenServer\OSPanel\domains\opencart.loc\admin\controller\extension\module\vantage.php on line 217
2018-02-15 18:04:52 - PHP Notice:  Undefined index: text_delivery in D:\PROGRAMS\OpenServer\OSPanel\domains\opencart.loc\admin\controller\extension\module\vantage.php on line 225
2018-02-15 18:04:52 - PHP Notice:  Undefined index: icon_delivery in D:\PROGRAMS\OpenServer\OSPanel\domains\opencart.loc\admin\controller\extension\module\vantage.php on line 233
2018-02-15 18:05:19 - PHP Notice:  Undefined index: text_warranty in D:\PROGRAMS\OpenServer\OSPanel\domains\opencart.loc\admin\controller\extension\module\vantage.php on line 177
2018-02-15 18:05:19 - PHP Notice:  Undefined index: icon_warranty in D:\PROGRAMS\OpenServer\OSPanel\domains\opencart.loc\admin\controller\extension\module\vantage.php on line 185
2018-02-15 18:05:19 - PHP Notice:  Undefined index: text_service in D:\PROGRAMS\OpenServer\OSPanel\domains\opencart.loc\admin\controller\extension\module\vantage.php on line 193
2018-02-15 18:05:19 - PHP Notice:  Undefined index: icon_service in D:\PROGRAMS\OpenServer\OSPanel\domains\opencart.loc\admin\controller\extension\module\vantage.php on line 201
2018-02-15 18:05:19 - PHP Notice:  Undefined index: text_price in D:\PROGRAMS\OpenServer\OSPanel\domains\opencart.loc\admin\controller\extension\module\vantage.php on line 209
2018-02-15 18:05:19 - PHP Notice:  Undefined index: icon_price in D:\PROGRAMS\OpenServer\OSPanel\domains\opencart.loc\admin\controller\extension\module\vantage.php on line 217
2018-02-15 18:05:19 - PHP Notice:  Undefined index: text_delivery in D:\PROGRAMS\OpenServer\OSPanel\domains\opencart.loc\admin\controller\extension\module\vantage.php on line 225
2018-02-15 18:05:19 - PHP Notice:  Undefined index: icon_delivery in D:\PROGRAMS\OpenServer\OSPanel\domains\opencart.loc\admin\controller\extension\module\vantage.php on line 233
2018-02-15 18:06:24 - PHP Notice:  Undefined index: text_warranty in D:\PROGRAMS\OpenServer\OSPanel\domains\opencart.loc\admin\controller\extension\module\vantage.php on line 182
2018-02-15 18:06:24 - PHP Notice:  Undefined index: icon_warranty in D:\PROGRAMS\OpenServer\OSPanel\domains\opencart.loc\admin\controller\extension\module\vantage.php on line 190
2018-02-15 18:06:24 - PHP Notice:  Undefined index: text_service in D:\PROGRAMS\OpenServer\OSPanel\domains\opencart.loc\admin\controller\extension\module\vantage.php on line 198
2018-02-15 18:06:24 - PHP Notice:  Undefined index: icon_service in D:\PROGRAMS\OpenServer\OSPanel\domains\opencart.loc\admin\controller\extension\module\vantage.php on line 206
2018-02-15 18:06:24 - PHP Notice:  Undefined index: text_price in D:\PROGRAMS\OpenServer\OSPanel\domains\opencart.loc\admin\controller\extension\module\vantage.php on line 214
2018-02-15 18:06:24 - PHP Notice:  Undefined index: icon_price in D:\PROGRAMS\OpenServer\OSPanel\domains\opencart.loc\admin\controller\extension\module\vantage.php on line 222
2018-02-15 18:06:24 - PHP Notice:  Undefined index: text_delivery in D:\PROGRAMS\OpenServer\OSPanel\domains\opencart.loc\admin\controller\extension\module\vantage.php on line 230
2018-02-15 18:06:24 - PHP Notice:  Undefined index: icon_delivery in D:\PROGRAMS\OpenServer\OSPanel\domains\opencart.loc\admin\controller\extension\module\vantage.php on line 238
2018-02-15 18:23:02 - PHP Warning:  Cannot modify header information - headers already sent by (output started at D:\PROGRAMS\OpenServer\OSPanel\domains\opencart.loc\admin\language\ru-ru\extension\module\vantage.php:1) in D:\PROGRAMS\OpenServer\OSPanel\domains\opencart.loc\system\library\response.php on line 12
2018-02-16 11:57:10 - PHP Notice:  Undefined variable: logo in D:\PROGRAMS\OpenServer\OSPanel\domains\opencart.loc\catalog\view\theme\apple\template\common\footer.tpl on line 53
2018-02-16 11:59:29 - PHP Notice:  Undefined variable: logo in D:\PROGRAMS\OpenServer\OSPanel\domains\opencart.loc\catalog\view\theme\apple\template\common\footer.tpl on line 53
2018-02-16 12:00:43 - PHP Notice:  Undefined variable: logo in D:\PROGRAMS\OpenServer\OSPanel\domains\opencart.loc\catalog\view\theme\apple\template\common\footer.tpl on line 53
2018-02-16 12:03:26 - PHP Notice:  Undefined variable: logo in D:\PROGRAMS\OpenServer\OSPanel\domains\opencart.loc\catalog\view\theme\apple\template\common\footer.tpl on line 53
2018-02-16 12:06:22 - PHP Notice:  Undefined variable: logo in D:\PROGRAMS\OpenServer\OSPanel\domains\opencart.loc\catalog\view\theme\apple\template\common\footer.tpl on line 53
2018-02-16 12:11:00 - PHP Notice:  Undefined variable: logo in D:\PROGRAMS\OpenServer\OSPanel\domains\opencart.loc\catalog\view\theme\apple\template\common\footer.tpl on line 53
2018-02-16 12:12:47 - PHP Notice:  Undefined variable: logo in D:\PROGRAMS\OpenServer\OSPanel\domains\opencart.loc\catalog\view\theme\apple\template\common\footer.tpl on line 53
2018-02-16 12:36:49 - PHP Notice:  Undefined variable: logo in D:\PROGRAMS\OpenServer\OSPanel\domains\opencart.loc\catalog\view\theme\apple\template\common\footer.tpl on line 53
2018-02-16 12:37:55 - PHP Notice:  Undefined variable: logo in D:\PROGRAMS\OpenServer\OSPanel\domains\opencart.loc\catalog\view\theme\apple\template\common\footer.tpl on line 53
2018-02-16 12:40:40 - PHP Notice:  Undefined variable: logo in D:\PROGRAMS\OpenServer\OSPanel\domains\opencart.loc\catalog\view\theme\apple\template\common\footer.tpl on line 53
2018-02-16 12:41:28 - PHP Notice:  Undefined variable: logo in D:\PROGRAMS\OpenServer\OSPanel\domains\opencart.loc\catalog\view\theme\apple\template\common\footer.tpl on line 53
2018-02-16 12:41:39 - PHP Notice:  Undefined variable: logo in D:\PROGRAMS\OpenServer\OSPanel\domains\opencart.loc\catalog\view\theme\apple\template\common\footer.tpl on line 53
2018-02-16 12:42:16 - PHP Notice:  Undefined variable: logo in D:\PROGRAMS\OpenServer\OSPanel\domains\opencart.loc\catalog\view\theme\apple\template\common\footer.tpl on line 53
2018-02-16 12:42:22 - PHP Notice:  Undefined variable: logo in D:\PROGRAMS\OpenServer\OSPanel\domains\opencart.loc\catalog\view\theme\apple\template\common\footer.tpl on line 53
2018-02-16 12:42:35 - PHP Notice:  Undefined variable: logo in D:\PROGRAMS\OpenServer\OSPanel\domains\opencart.loc\catalog\view\theme\apple\template\common\footer.tpl on line 53
2018-02-16 12:43:07 - PHP Notice:  Undefined variable: logo in D:\PROGRAMS\OpenServer\OSPanel\domains\opencart.loc\catalog\view\theme\apple\template\common\footer.tpl on line 53
2018-02-16 12:43:11 - PHP Notice:  Undefined variable: logo in D:\PROGRAMS\OpenServer\OSPanel\domains\opencart.loc\catalog\view\theme\apple\template\common\footer.tpl on line 53
2018-02-16 12:46:10 - PHP Notice:  Undefined variable: logo in D:\PROGRAMS\OpenServer\OSPanel\domains\opencart.loc\catalog\view\theme\apple\template\common\footer.tpl on line 53
2018-02-16 12:46:27 - PHP Notice:  Undefined variable: logo in D:\PROGRAMS\OpenServer\OSPanel\domains\opencart.loc\catalog\view\theme\apple\template\common\footer.tpl on line 53
2018-02-16 12:46:38 - PHP Notice:  Undefined variable: logo in D:\PROGRAMS\OpenServer\OSPanel\domains\opencart.loc\catalog\view\theme\apple\template\common\footer.tpl on line 53
2018-02-16 12:47:15 - PHP Notice:  Undefined variable: logo in D:\PROGRAMS\OpenServer\OSPanel\domains\opencart.loc\catalog\view\theme\apple\template\common\footer.tpl on line 53
2018-02-16 12:47:23 - PHP Notice:  Undefined variable: logo in D:\PROGRAMS\OpenServer\OSPanel\domains\opencart.loc\catalog\view\theme\apple\template\common\footer.tpl on line 53
2018-02-16 12:47:40 - PHP Notice:  Undefined variable: logo in D:\PROGRAMS\OpenServer\OSPanel\domains\opencart.loc\catalog\view\theme\apple\template\common\footer.tpl on line 53
2018-02-16 12:47:47 - PHP Notice:  Undefined variable: logo in D:\PROGRAMS\OpenServer\OSPanel\domains\opencart.loc\catalog\view\theme\apple\template\common\footer.tpl on line 53
2018-02-16 12:47:50 - PHP Notice:  Undefined variable: logo in D:\PROGRAMS\OpenServer\OSPanel\domains\opencart.loc\catalog\view\theme\apple\template\common\footer.tpl on line 53
2018-02-16 12:48:00 - PHP Notice:  Undefined variable: logo in D:\PROGRAMS\OpenServer\OSPanel\domains\opencart.loc\catalog\view\theme\apple\template\common\footer.tpl on line 53
2018-02-16 12:48:05 - PHP Notice:  Undefined variable: logo in D:\PROGRAMS\OpenServer\OSPanel\domains\opencart.loc\catalog\view\theme\apple\template\common\footer.tpl on line 53
2018-02-16 12:48:13 - PHP Notice:  Undefined variable: logo in D:\PROGRAMS\OpenServer\OSPanel\domains\opencart.loc\catalog\view\theme\apple\template\common\footer.tpl on line 53
2018-02-16 12:48:28 - PHP Notice:  Undefined variable: logo in D:\PROGRAMS\OpenServer\OSPanel\domains\opencart.loc\catalog\view\theme\apple\template\common\footer.tpl on line 53
2018-02-16 12:48:37 - PHP Notice:  Undefined variable: logo in D:\PROGRAMS\OpenServer\OSPanel\domains\opencart.loc\catalog\view\theme\apple\template\common\footer.tpl on line 53
2018-02-16 12:48:46 - PHP Notice:  Undefined variable: logo in D:\PROGRAMS\OpenServer\OSPanel\domains\opencart.loc\catalog\view\theme\apple\template\common\footer.tpl on line 53
2018-02-16 12:48:58 - PHP Notice:  Undefined variable: logo in D:\PROGRAMS\OpenServer\OSPanel\domains\opencart.loc\catalog\view\theme\apple\template\common\footer.tpl on line 53
2018-02-16 12:49:10 - PHP Notice:  Undefined variable: logo in D:\PROGRAMS\OpenServer\OSPanel\domains\opencart.loc\catalog\view\theme\apple\template\common\footer.tpl on line 53
2018-02-16 12:49:16 - PHP Notice:  Undefined variable: logo in D:\PROGRAMS\OpenServer\OSPanel\domains\opencart.loc\catalog\view\theme\apple\template\common\footer.tpl on line 53
2018-02-16 12:49:55 - PHP Notice:  Undefined variable: logo in D:\PROGRAMS\OpenServer\OSPanel\domains\opencart.loc\catalog\view\theme\apple\template\common\footer.tpl on line 53
2018-02-16 12:54:27 - PHP Notice:  Undefined variable: logo in D:\PROGRAMS\OpenServer\OSPanel\domains\opencart.loc\catalog\view\theme\apple\template\common\footer.tpl on line 53
2018-02-16 12:54:34 - PHP Notice:  Undefined variable: logo in D:\PROGRAMS\OpenServer\OSPanel\domains\opencart.loc\catalog\view\theme\apple\template\common\footer.tpl on line 53
2018-02-16 12:56:53 - PHP Notice:  Undefined variable: logo in D:\PROGRAMS\OpenServer\OSPanel\domains\opencart.loc\catalog\view\theme\apple\template\common\footer.tpl on line 53
2018-02-16 12:59:53 - PHP Notice:  Undefined variable: logo in D:\PROGRAMS\OpenServer\OSPanel\domains\opencart.loc\catalog\view\theme\apple\template\common\footer.tpl on line 53
2018-02-16 12:59:53 - PHP Notice:  Undefined variable: telephone in D:\PROGRAMS\OpenServer\OSPanel\domains\opencart.loc\catalog\view\theme\apple\template\common\footer.tpl on line 97
2018-02-16 13:00:13 - PHP Notice:  Undefined variable: logo in D:\PROGRAMS\OpenServer\OSPanel\domains\opencart.loc\catalog\view\theme\apple\template\common\footer.tpl on line 53
2018-02-16 13:00:13 - PHP Notice:  Undefined variable: phone in D:\PROGRAMS\OpenServer\OSPanel\domains\opencart.loc\catalog\view\theme\apple\template\common\footer.tpl on line 97
2018-02-16 13:00:17 - PHP Notice:  Undefined variable: logo in D:\PROGRAMS\OpenServer\OSPanel\domains\opencart.loc\catalog\view\theme\apple\template\common\footer.tpl on line 53
2018-02-16 13:00:17 - PHP Notice:  Undefined variable: telephone in D:\PROGRAMS\OpenServer\OSPanel\domains\opencart.loc\catalog\view\theme\apple\template\common\footer.tpl on line 97
2018-02-16 14:17:56 - PHP Notice:  Undefined variable: server in D:\PROGRAMS\OpenServer\OSPanel\domains\opencart.loc\system\storage\modification\catalog\controller\common\footer.php on line 6
2018-02-16 14:17:56 - PHP Notice:  Undefined variable: home in D:\PROGRAMS\OpenServer\OSPanel\domains\opencart.loc\catalog\view\theme\apple\template\common\footer.tpl on line 54
2018-02-16 14:17:56 - PHP Notice:  Undefined variable: name in D:\PROGRAMS\OpenServer\OSPanel\domains\opencart.loc\catalog\view\theme\apple\template\common\footer.tpl on line 55
2018-02-16 14:20:17 - PHP Warning:  rmdir(D:/PROGRAMS/OpenServer/OSPanel/domains/opencart.loc/system/storage/modification/catalog/controller/common): Directory not empty in D:\PROGRAMS\OpenServer\OSPanel\domains\opencart.loc\admin\controller\extension\modification.php on line 105
2018-02-16 14:20:17 - PHP Warning:  rmdir(D:/PROGRAMS/OpenServer/OSPanel/domains/opencart.loc/system/storage/modification/catalog/controller): Directory not empty in D:\PROGRAMS\OpenServer\OSPanel\domains\opencart.loc\admin\controller\extension\modification.php on line 105
2018-02-16 14:20:17 - PHP Warning:  rmdir(D:/PROGRAMS/OpenServer/OSPanel/domains/opencart.loc/system/storage/modification/catalog): Directory not empty in D:\PROGRAMS\OpenServer\OSPanel\domains\opencart.loc\admin\controller\extension\modification.php on line 105
2018-02-16 14:20:37 - PHP Warning:  rmdir(D:/PROGRAMS/OpenServer/OSPanel/domains/opencart.loc/system/storage/modification/admin/controller/catalog): Directory not empty in D:\PROGRAMS\OpenServer\OSPanel\domains\opencart.loc\admin\controller\extension\modification.php on line 105
2018-02-16 14:20:37 - PHP Warning:  rmdir(D:/PROGRAMS/OpenServer/OSPanel/domains/opencart.loc/system/storage/modification/admin/controller): Directory not empty in D:\PROGRAMS\OpenServer\OSPanel\domains\opencart.loc\admin\controller\extension\modification.php on line 105
2018-02-16 14:20:37 - PHP Warning:  rmdir(D:/PROGRAMS/OpenServer/OSPanel/domains/opencart.loc/system/storage/modification/admin): Directory not empty in D:\PROGRAMS\OpenServer\OSPanel\domains\opencart.loc\admin\controller\extension\modification.php on line 105
2018-02-16 14:20:41 - PHP Notice:  Undefined variable: home in D:\PROGRAMS\OpenServer\OSPanel\domains\opencart.loc\catalog\view\theme\apple\template\common\footer.tpl on line 54
2018-02-16 14:20:41 - PHP Notice:  Undefined variable: name in D:\PROGRAMS\OpenServer\OSPanel\domains\opencart.loc\catalog\view\theme\apple\template\common\footer.tpl on line 55
2018-02-16 14:20:48 - PHP Notice:  Undefined variable: home in D:\PROGRAMS\OpenServer\OSPanel\domains\opencart.loc\catalog\view\theme\apple\template\common\footer.tpl on line 54
2018-02-16 14:20:48 - PHP Notice:  Undefined variable: name in D:\PROGRAMS\OpenServer\OSPanel\domains\opencart.loc\catalog\view\theme\apple\template\common\footer.tpl on line 55
2018-02-16 14:22:25 - PHP Notice:  Undefined variable: home in D:\PROGRAMS\OpenServer\OSPanel\domains\opencart.loc\catalog\view\theme\apple\template\common\footer.tpl on line 54
2018-02-16 14:22:25 - PHP Notice:  Undefined variable: name in D:\PROGRAMS\OpenServer\OSPanel\domains\opencart.loc\catalog\view\theme\apple\template\common\footer.tpl on line 55
2018-02-17 13:11:28 - PHP Warning:  rmdir(D:/PROGRAMS/OpenServer/OSPanel/domains/opencart.loc/system/storage/modification/admin/view/template/catalog): Directory not empty in D:\PROGRAMS\OpenServer\OSPanel\domains\opencart.loc\admin\controller\extension\modification.php on line 105
2018-02-17 13:11:28 - PHP Warning:  rmdir(D:/PROGRAMS/OpenServer/OSPanel/domains/opencart.loc/system/storage/modification/admin/view/template): Directory not empty in D:\PROGRAMS\OpenServer\OSPanel\domains\opencart.loc\admin\controller\extension\modification.php on line 105
2018-02-17 13:11:28 - PHP Warning:  rmdir(D:/PROGRAMS/OpenServer/OSPanel/domains/opencart.loc/system/storage/modification/admin/view): Directory not empty in D:\PROGRAMS\OpenServer\OSPanel\domains\opencart.loc\admin\controller\extension\modification.php on line 105
2018-02-17 13:11:28 - PHP Warning:  rmdir(D:/PROGRAMS/OpenServer/OSPanel/domains/opencart.loc/system/storage/modification/admin): Directory not empty in D:\PROGRAMS\OpenServer\OSPanel\domains\opencart.loc\admin\controller\extension\modification.php on line 105
